<?xml version="1.0" encoding="UTF-8"?>
<!-- Generated by org.testng.reporters.JUnitXMLReporter -->
<testsuite hostname="IN5CG63333QM" ignored="0" name="Default test" tests="4" failures="0" timestamp="26 Feb 2019 06:01:44 GMT" time="110.91" errors="0">
  <testcase name="loginAdmin" time="30.46" classname="com.dxc.unsecureAvba.test.Test1"/>
  <testcase name="landAccrualPage" time="12.104" classname="com.dxc.unsecureAvba.test.Test1"/>
  <testcase name="configAccrualForLAA" time="31.006" classname="com.dxc.unsecureAvba.test.Test1"/>
  <testcase name="configAccrualForLUS" time="30.569" classname="com.dxc.unsecureAvba.test.Test1"/>
</testsuite> <!-- Default test -->
