<?xml version="1.0" encoding="UTF-8"?>
<testng-results skipped="0" failed="1" ignored="0" total="6" passed="5">
  <reporter-output>
  </reporter-output>
  <suite name="mysuite" duration-ms="164300" started-at="2019-02-26T07:06:15Z" finished-at="2019-02-26T07:08:59Z">
    <groups>
    </groups>
    <test name="Test1" duration-ms="164300" started-at="2019-02-26T07:06:15Z" finished-at="2019-02-26T07:08:59Z">
      <class name="com.dxc.unsecureAvba.test.Test1">
        <test-method status="PASS" signature="beforeSuite()[pri:0, instance:com.dxc.unsecureAvba.test.Test1@e45f292]" name="beforeSuite" is-config="true" duration-ms="6298" started-at="2019-02-26T07:06:09Z" finished-at="2019-02-26T07:06:15Z">
          <reporter-output>
          </reporter-output>
        </test-method> <!-- beforeSuite -->
        <test-method status="PASS" signature="beforeTest()[pri:0, instance:com.dxc.unsecureAvba.test.Test1@e45f292]" name="beforeTest" is-config="true" duration-ms="104" started-at="2019-02-26T07:06:15Z" finished-at="2019-02-26T07:06:15Z">
          <reporter-output>
          </reporter-output>
        </test-method> <!-- beforeTest -->
        <test-method status="PASS" signature="beforeClass()[pri:0, instance:com.dxc.unsecureAvba.test.Test1@e45f292]" name="beforeClass" is-config="true" duration-ms="6995" started-at="2019-02-26T07:06:15Z" finished-at="2019-02-26T07:06:22Z">
          <reporter-output>
          </reporter-output>
        </test-method> <!-- beforeClass -->
        <test-method status="PASS" signature="beforeMethod()[pri:0, instance:com.dxc.unsecureAvba.test.Test1@e45f292]" name="beforeMethod" is-config="true" duration-ms="0" started-at="2019-02-26T07:06:22Z" finished-at="2019-02-26T07:06:22Z">
          <reporter-output>
          </reporter-output>
        </test-method> <!-- beforeMethod -->
        <test-method status="PASS" signature="loginAdmin()[pri:0, instance:com.dxc.unsecureAvba.test.Test1@e45f292]" name="loginAdmin" duration-ms="29392" started-at="2019-02-26T07:06:22Z" finished-at="2019-02-26T07:06:52Z">
          <reporter-output>
          </reporter-output>
        </test-method> <!-- loginAdmin -->
        <test-method status="PASS" signature="afterMethod()[pri:0, instance:com.dxc.unsecureAvba.test.Test1@e45f292]" name="afterMethod" is-config="true" duration-ms="1" started-at="2019-02-26T07:06:52Z" finished-at="2019-02-26T07:06:52Z">
          <reporter-output>
          </reporter-output>
        </test-method> <!-- afterMethod -->
        <test-method status="PASS" signature="landAccrualPage()[pri:0, instance:com.dxc.unsecureAvba.test.Test1@e45f292]" name="landAccrualPage" duration-ms="11233" started-at="2019-02-26T07:06:52Z" depends-on-methods="com.dxc.unsecureAvba.test.Test1.loginAdmin" finished-at="2019-02-26T07:07:03Z">
          <reporter-output>
          </reporter-output>
        </test-method> <!-- landAccrualPage -->
        <test-method status="PASS" signature="beforeMethod()[pri:0, instance:com.dxc.unsecureAvba.test.Test1@e45f292]" name="beforeMethod" is-config="true" duration-ms="0" started-at="2019-02-26T07:06:52Z" finished-at="2019-02-26T07:06:52Z">
          <reporter-output>
          </reporter-output>
        </test-method> <!-- beforeMethod -->
        <test-method status="PASS" signature="afterMethod()[pri:0, instance:com.dxc.unsecureAvba.test.Test1@e45f292]" name="afterMethod" is-config="true" duration-ms="1" started-at="2019-02-26T07:07:03Z" finished-at="2019-02-26T07:07:03Z">
          <reporter-output>
          </reporter-output>
        </test-method> <!-- afterMethod -->
        <test-method status="PASS" signature="beforeMethod()[pri:0, instance:com.dxc.unsecureAvba.test.Test1@e45f292]" name="beforeMethod" is-config="true" duration-ms="1" started-at="2019-02-26T07:07:03Z" finished-at="2019-02-26T07:07:03Z">
          <reporter-output>
          </reporter-output>
        </test-method> <!-- beforeMethod -->
        <test-method status="PASS" signature="configAccrualForLAA()[pri:0, instance:com.dxc.unsecureAvba.test.Test1@e45f292]" name="configAccrualForLAA" duration-ms="30692" started-at="2019-02-26T07:07:03Z" depends-on-methods="com.dxc.unsecureAvba.test.Test1.landAccrualPage" finished-at="2019-02-26T07:07:34Z">
          <reporter-output>
          </reporter-output>
        </test-method> <!-- configAccrualForLAA -->
        <test-method status="PASS" signature="afterMethod()[pri:0, instance:com.dxc.unsecureAvba.test.Test1@e45f292]" name="afterMethod" is-config="true" duration-ms="0" started-at="2019-02-26T07:07:34Z" finished-at="2019-02-26T07:07:34Z">
          <reporter-output>
          </reporter-output>
        </test-method> <!-- afterMethod -->
        <test-method status="PASS" signature="configAccrualForLUS()[pri:0, instance:com.dxc.unsecureAvba.test.Test1@e45f292]" name="configAccrualForLUS" duration-ms="30509" started-at="2019-02-26T07:07:34Z" depends-on-methods="com.dxc.unsecureAvba.test.Test1.landAccrualPage" finished-at="2019-02-26T07:08:04Z">
          <reporter-output>
          </reporter-output>
        </test-method> <!-- configAccrualForLUS -->
        <test-method status="PASS" signature="beforeMethod()[pri:0, instance:com.dxc.unsecureAvba.test.Test1@e45f292]" name="beforeMethod" is-config="true" duration-ms="0" started-at="2019-02-26T07:07:34Z" finished-at="2019-02-26T07:07:34Z">
          <reporter-output>
          </reporter-output>
        </test-method> <!-- beforeMethod -->
        <test-method status="PASS" signature="afterMethod()[pri:0, instance:com.dxc.unsecureAvba.test.Test1@e45f292]" name="afterMethod" is-config="true" duration-ms="1" started-at="2019-02-26T07:08:04Z" finished-at="2019-02-26T07:08:04Z">
          <reporter-output>
          </reporter-output>
        </test-method> <!-- afterMethod -->
        <test-method status="PASS" signature="deleteAccrualForLAA()[pri:0, instance:com.dxc.unsecureAvba.test.Test1@e45f292]" name="deleteAccrualForLAA" duration-ms="29144" started-at="2019-02-26T07:08:04Z" depends-on-methods="com.dxc.unsecureAvba.test.Test1.landAccrualPage" finished-at="2019-02-26T07:08:33Z">
          <reporter-output>
          </reporter-output>
        </test-method> <!-- deleteAccrualForLAA -->
        <test-method status="PASS" signature="beforeMethod()[pri:0, instance:com.dxc.unsecureAvba.test.Test1@e45f292]" name="beforeMethod" is-config="true" duration-ms="0" started-at="2019-02-26T07:08:04Z" finished-at="2019-02-26T07:08:04Z">
          <reporter-output>
          </reporter-output>
        </test-method> <!-- beforeMethod -->
        <test-method status="PASS" signature="afterMethod()[pri:0, instance:com.dxc.unsecureAvba.test.Test1@e45f292]" name="afterMethod" is-config="true" duration-ms="1" started-at="2019-02-26T07:08:33Z" finished-at="2019-02-26T07:08:33Z">
          <reporter-output>
          </reporter-output>
        </test-method> <!-- afterMethod -->
        <test-method status="PASS" signature="beforeMethod()[pri:0, instance:com.dxc.unsecureAvba.test.Test1@e45f292]" name="beforeMethod" is-config="true" duration-ms="1" started-at="2019-02-26T07:08:33Z" finished-at="2019-02-26T07:08:33Z">
          <reporter-output>
          </reporter-output>
        </test-method> <!-- beforeMethod -->
        <test-method status="FAIL" signature="deleteAccrualForLUS()[pri:0, instance:com.dxc.unsecureAvba.test.Test1@e45f292]" name="deleteAccrualForLUS" duration-ms="26137" started-at="2019-02-26T07:08:33Z" depends-on-methods="com.dxc.unsecureAvba.test.Test1.landAccrualPage" finished-at="2019-02-26T07:08:59Z">
          <exception class="org.openqa.selenium.ElementNotVisibleException">
            <message>
              <![CDATA[element not interactable
  (Session info: chrome=72.0.3626.119)
  (Driver info: chromedriver=2.42.591088 (7b2b2dca23cca0862f674758c9a3933e685c27d5),platform=Windows NT 10.0.16299 x86_64) (WARNING: The server did not provide any stacktrace information)
Command duration or timeout: 0 milliseconds
Build info: version: '3.141.59', revision: 'e82be7d358', time: '2018-11-14T08:17:03'
System info: host: 'IN5CG63333QM', ip: '10.79.18.125', os.name: 'Windows 10', os.arch: 'amd64', os.version: '10.0', java.version: '1.8.0_181'
Driver info: org.openqa.selenium.chrome.ChromeDriver
Capabilities {acceptInsecureCerts: false, acceptSslCerts: false, applicationCacheEnabled: false, browserConnectionEnabled: false, browserName: chrome, chrome: {chromedriverVersion: 2.42.591088 (7b2b2dca23cca0..., userDataDir: C:\Users\pp62\AppData\Local...}, cssSelectorsEnabled: true, databaseEnabled: false, goog:chromeOptions: {debuggerAddress: localhost:64207}, handlesAlerts: true, hasTouchScreen: false, javascriptEnabled: true, locationContextEnabled: true, mobileEmulationEnabled: false, nativeEvents: true, networkConnectionEnabled: false, pageLoadStrategy: normal, platform: XP, platformName: XP, rotatable: false, setWindowRect: true, takesHeapSnapshot: true, takesScreenshot: true, unexpectedAlertBehaviour: , unhandledPromptBehavior: , version: 72.0.3626.119, webStorageEnabled: true}
Session ID: a6fb12f790cdbe64b0010397dfa4622a]]>
            </message>
            <full-stacktrace>
              <![CDATA[org.openqa.selenium.ElementNotVisibleException: element not interactable
  (Session info: chrome=72.0.3626.119)
  (Driver info: chromedriver=2.42.591088 (7b2b2dca23cca0862f674758c9a3933e685c27d5),platform=Windows NT 10.0.16299 x86_64) (WARNING: The server did not provide any stacktrace information)
Command duration or timeout: 0 milliseconds
Build info: version: '3.141.59', revision: 'e82be7d358', time: '2018-11-14T08:17:03'
System info: host: 'IN5CG63333QM', ip: '10.79.18.125', os.name: 'Windows 10', os.arch: 'amd64', os.version: '10.0', java.version: '1.8.0_181'
Driver info: org.openqa.selenium.chrome.ChromeDriver
Capabilities {acceptInsecureCerts: false, acceptSslCerts: false, applicationCacheEnabled: false, browserConnectionEnabled: false, browserName: chrome, chrome: {chromedriverVersion: 2.42.591088 (7b2b2dca23cca0..., userDataDir: C:\Users\pp62\AppData\Local...}, cssSelectorsEnabled: true, databaseEnabled: false, goog:chromeOptions: {debuggerAddress: localhost:64207}, handlesAlerts: true, hasTouchScreen: false, javascriptEnabled: true, locationContextEnabled: true, mobileEmulationEnabled: false, nativeEvents: true, networkConnectionEnabled: false, pageLoadStrategy: normal, platform: XP, platformName: XP, rotatable: false, setWindowRect: true, takesHeapSnapshot: true, takesScreenshot: true, unexpectedAlertBehaviour: , unhandledPromptBehavior: , version: 72.0.3626.119, webStorageEnabled: true}
Session ID: a6fb12f790cdbe64b0010397dfa4622a
at sun.reflect.NativeConstructorAccessorImpl.newInstance0(Native Method)
at sun.reflect.NativeConstructorAccessorImpl.newInstance(NativeConstructorAccessorImpl.java:62)
at sun.reflect.DelegatingConstructorAccessorImpl.newInstance(DelegatingConstructorAccessorImpl.java:45)
at java.lang.reflect.Constructor.newInstance(Constructor.java:423)
at org.openqa.selenium.remote.ErrorHandler.createThrowable(ErrorHandler.java:214)
at org.openqa.selenium.remote.ErrorHandler.throwIfResponseFailed(ErrorHandler.java:166)
at org.openqa.selenium.remote.http.JsonHttpResponseCodec.reconstructValue(JsonHttpResponseCodec.java:40)
at org.openqa.selenium.remote.http.AbstractHttpResponseCodec.decode(AbstractHttpResponseCodec.java:80)
at org.openqa.selenium.remote.http.AbstractHttpResponseCodec.decode(AbstractHttpResponseCodec.java:44)
at org.openqa.selenium.remote.HttpCommandExecutor.execute(HttpCommandExecutor.java:158)
at org.openqa.selenium.remote.service.DriverCommandExecutor.execute(DriverCommandExecutor.java:83)
at org.openqa.selenium.remote.RemoteWebDriver.execute(RemoteWebDriver.java:552)
at org.openqa.selenium.remote.RemoteWebElement.execute(RemoteWebElement.java:285)
at org.openqa.selenium.remote.RemoteWebElement.click(RemoteWebElement.java:84)
at sun.reflect.GeneratedMethodAccessor2.invoke(Unknown Source)
at sun.reflect.DelegatingMethodAccessorImpl.invoke(DelegatingMethodAccessorImpl.java:43)
at java.lang.reflect.Method.invoke(Method.java:498)
at org.openqa.selenium.support.pagefactory.internal.LocatingElementHandler.invoke(LocatingElementHandler.java:51)
at com.sun.proxy.$Proxy19.click(Unknown Source)
at com.dxc.unsecureAvba.pom.Accrual.confirmDelete(Accrual.java:152)
at com.dxc.unsecureAvba.test.Test1.deleteAccrualForLUS(Test1.java:82)
at sun.reflect.NativeMethodAccessorImpl.invoke0(Native Method)
at sun.reflect.NativeMethodAccessorImpl.invoke(NativeMethodAccessorImpl.java:62)
at sun.reflect.DelegatingMethodAccessorImpl.invoke(DelegatingMethodAccessorImpl.java:43)
at java.lang.reflect.Method.invoke(Method.java:498)
at org.testng.internal.MethodInvocationHelper.invokeMethod(MethodInvocationHelper.java:124)
at org.testng.internal.Invoker.invokeMethod(Invoker.java:580)
at org.testng.internal.Invoker.invokeTestMethod(Invoker.java:716)
at org.testng.internal.Invoker.invokeTestMethods(Invoker.java:988)
at org.testng.internal.TestMethodWorker.invokeTestMethods(TestMethodWorker.java:125)
at org.testng.internal.TestMethodWorker.run(TestMethodWorker.java:109)
at org.testng.TestRunner.privateRun(TestRunner.java:648)
at org.testng.TestRunner.run(TestRunner.java:505)
at org.testng.SuiteRunner.runTest(SuiteRunner.java:455)
at org.testng.SuiteRunner.runSequentially(SuiteRunner.java:450)
at org.testng.SuiteRunner.privateRun(SuiteRunner.java:415)
at org.testng.SuiteRunner.run(SuiteRunner.java:364)
at org.testng.SuiteRunnerWorker.runSuite(SuiteRunnerWorker.java:52)
at org.testng.SuiteRunnerWorker.run(SuiteRunnerWorker.java:84)
at org.testng.TestNG.runSuitesSequentially(TestNG.java:1208)
at org.testng.TestNG.runSuitesLocally(TestNG.java:1137)
at org.testng.TestNG.runSuites(TestNG.java:1049)
at org.testng.TestNG.run(TestNG.java:1017)
at org.testng.remote.AbstractRemoteTestNG.run(AbstractRemoteTestNG.java:114)
at org.testng.remote.RemoteTestNG.initAndRun(RemoteTestNG.java:251)
at org.testng.remote.RemoteTestNG.main(RemoteTestNG.java:77)
]]>
            </full-stacktrace>
          </exception> <!-- org.openqa.selenium.ElementNotVisibleException -->
          <reporter-output>
          </reporter-output>
        </test-method> <!-- deleteAccrualForLUS -->
        <test-method status="PASS" signature="afterMethod()[pri:0, instance:com.dxc.unsecureAvba.test.Test1@e45f292]" name="afterMethod" is-config="true" duration-ms="1" started-at="2019-02-26T07:08:59Z" finished-at="2019-02-26T07:08:59Z">
          <reporter-output>
          </reporter-output>
        </test-method> <!-- afterMethod -->
        <test-method status="PASS" signature="afterClass()[pri:0, instance:com.dxc.unsecureAvba.test.Test1@e45f292]" name="afterClass" is-config="true" duration-ms="3" started-at="2019-02-26T07:08:59Z" finished-at="2019-02-26T07:08:59Z">
          <reporter-output>
          </reporter-output>
        </test-method> <!-- afterClass -->
        <test-method status="PASS" signature="afterTest()[pri:0, instance:com.dxc.unsecureAvba.test.Test1@e45f292]" name="afterTest" is-config="true" duration-ms="1" started-at="2019-02-26T07:08:59Z" finished-at="2019-02-26T07:08:59Z">
          <reporter-output>
          </reporter-output>
        </test-method> <!-- afterTest -->
        <test-method status="PASS" signature="afterSuite()[pri:0, instance:com.dxc.unsecureAvba.test.Test1@e45f292]" name="afterSuite" is-config="true" duration-ms="0" started-at="2019-02-26T07:08:59Z" finished-at="2019-02-26T07:08:59Z">
          <reporter-output>
          </reporter-output>
        </test-method> <!-- afterSuite -->
      </class> <!-- com.dxc.unsecureAvba.test.Test1 -->
    </test> <!-- Test1 -->
  </suite> <!-- mysuite -->
</testng-results>
